2020-Jun-25 17:46:19 PM [main] INFO  com.cts.inventory.controller.InventoryApplicationCtrlTests - Started InventoryApplicationCtrlTests in 38.269 seconds (JVM running for 47.005)
2020-Jun-25 17:46:20 PM [main] INFO  com.cts.inventory.controller.InventoryController - InventoryController.deleteItem - started
2020-Jun-25 17:46:20 PM [main] INFO  com.cts.inventory.controller.InventoryController - InventoryController.deleteItem - ended
2020-Jun-25 17:46:20 PM [main] INFO  com.cts.inventory.controller.InventoryController - InventoryController.getAllItems - started
2020-Jun-25 17:46:20 PM [main] INFO  com.cts.inventory.controller.InventoryController - InventoryController.getAllItems - ended
2020-Jun-25 17:46:20 PM [main] INFO  com.cts.inventory.controller.InventoryController - InventoryController.updateItem - started
2020-Jun-25 17:46:20 PM [main] INFO  com.cts.inventory.controller.InventoryController - InventoryController.updateItem - ended
2020-Jun-25 17:46:20 PM [main] INFO  com.cts.inventory.controller.InventoryController - InventoryController.createItem - started
2020-Jun-25 17:46:20 PM [main] INFO  com.cts.inventory.controller.InventoryController - InventoryController.createItem - ended
2020-Jun-25 17:46:21 PM [main] INFO  com.cts.inventory.service.InventoryApplicationServiceTests - No active profile set, falling back to default profiles: default
2020-Jun-25 17:46:34 PM [main] INFO  com.cts.inventory.service.InventoryApplicationServiceTests - Started InventoryApplicationServiceTests in 13.818 seconds (JVM running for 62.013)
2020-Jun-25 17:46:35 PM [main] INFO  com.cts.inventory.repository.InventoryApplicationRepositoryTests - No active profile set, falling back to default profiles: default
2020-Jun-25 17:46:44 PM [main] INFO  com.cts.inventory.repository.InventoryApplicationRepositoryTests - Started InventoryApplicationRepositoryTests in 9.803 seconds (JVM running for 72.039)
2020-Jun-25 17:46:44 PM [main] INFO  com.cts.inventory.controller.InventoryController - InventoryController.deleteItem - started
2020-Jun-25 17:46:44 PM [main] INFO  com.cts.inventory.controller.InventoryController - InventoryController.deleteItem - ended
2020-Jun-25 17:46:44 PM [main] INFO  com.cts.inventory.controller.InventoryController - InventoryController.getAllItems - started
2020-Jun-25 17:46:44 PM [main] INFO  com.cts.inventory.controller.InventoryController - InventoryController.getAllItems - ended
2020-Jun-25 17:46:44 PM [main] INFO  com.cts.inventory.controller.InventoryController - InventoryController.updateItem - started
2020-Jun-25 17:46:44 PM [main] INFO  com.cts.inventory.controller.InventoryController - InventoryController.updateItem - ended
2020-Jun-25 17:46:44 PM [main] INFO  com.cts.inventory.controller.InventoryController - InventoryController.createItem - started
2020-Jun-25 17:46:44 PM [main] INFO  com.cts.inventory.controller.InventoryController - InventoryController.createItem - ended
